<?xml version="1.0" encoding="UTF-8"?>
<!-- Generated by org.testng.reporters.JUnitXMLReporter -->
<testsuite ignored="0" hostname="Geethas-Air.attlocal.net" failures="0" tests="10" name="/Users/geethachandrasekaran/IdeaProjects/     DemoAutomationTarget/src/main/java/BaseClassPackage/BaseClass.java" time="90.483" errors="0" timestamp="2023-09-06T10:42:02 CDT">
  <testcase classname="TestClassPackage.HomePageTest" name="TestHomePageTitle" time="0.005"/>
  <testcase classname="TestClassPackage.HomePageTest" name="TestHomePageRegistry" time="0.926"/>
  <testcase classname="TestClassPackage.HomePageTest" name="TestHomePageWeeklyAd" time="0.913"/>
  <testcase classname="TestClassPackage.HomePageTest" name="TestHomePageRedCard" time="0.165"/>
  <testcase classname="TestClassPackage.HomePageTest" name="TestHomePageTargetCircle" time="0.064"/>
  <testcase classname="TestClassPackage.HomePageTest" name="TestHomePageFindStores" time="1.284"/>
  <testcase classname="TestClassPackage.HomePageTest" name="TestHomePageSignIn" time="0.939"/>
  <testcase classname="TestClassPackage.SignInPageTest" name="TestVerifySignIn1" time="1.0"/>
  <testcase classname="TestClassPackage.LandingPageTest" name="TestVerifySignInAfterSignOut" time="5.58"/>
  <testcase classname="TestClassPackage.LandingPageTest" name="TestVerifySignOut" time="4.275"/>
</testsuite> <!-- /Users/geethachandrasekaran/IdeaProjects/     DemoAutomationTarget/src/main/java/BaseClassPackage/BaseClass.java -->
